Build started 5/3/2019 12:33:50 PM.
     1>Project "D:\Kuliah\Semester 4\Praktikum\Grafkom\Tugas 6\Project1\Project1\Project1.vcxproj" on node 2 (Build target(s)).
     1>ClCompile:
         C:\Program Files (x86)\Microsoft Visual Studio 12.0\VC\bin\CL.exe /c /ZI /nologo /W3 /WX- /sdl /Od /Oy- /D _MBCS /Gm /EHsc /RTC1 /MDd /GS /fp:precise /Zc:wchar_t /Zc:forScope /Fo"Debug\\" /Fd"Debug\vc120.pdb" /Gd /TP /analyze- /errorReport:prompt Source.cpp
         Source.cpp
     1>d:\kuliah\semester 4\praktikum\grafkom\tugas 6\project1\project1\source.cpp(109): error C2065: 'putaran' : undeclared identifier
     1>Done Building Project "D:\Kuliah\Semester 4\Praktikum\Grafkom\Tugas 6\Project1\Project1\Project1.vcxproj" (Build target(s)) -- FAILED.

Build FAILED.

Time Elapsed 00:00:00.30
